The system is: Linux - 3.10.0-1160.102.1.el7.x86_64 - x86_64
Compiling the C compiler identification source file "CMakeCCompilerId.c" succeeded.
Compiler: /cvmfs/sft.cern.ch/lcg/releases/gcc/10.3.0-f5826/x86_64-centos7/bin/gcc 
Build flags: 
Id flags:  

The output was:
0


Compilation of the C compiler identification source "CMakeCCompilerId.c" produced "a.out"

The C compiler identification is GNU, found in "/afs/cern.ch/user/a/ayelland/public/geant4/G4ParticleTracking_v1.0/build/CMakeFiles/3.17.2/CompilerIdC/a.out"

Compiling the CXX compiler identification source file "CMakeCXXCompilerId.cpp" succeeded.
Compiler: /cvmfs/sft.cern.ch/lcg/releases/gcc/10.3.0-f5826/x86_64-centos7/bin/g++ 
Build flags: 
Id flags:  

The output was:
0


Compilation of the CXX compiler identification source "CMakeCXXCompilerId.cpp" produced "a.out"

The CXX compiler identification is GNU, found in "/afs/cern.ch/user/a/ayelland/public/geant4/G4ParticleTracking_v1.0/build/CMakeFiles/3.17.2/CompilerIdCXX/a.out"

Determining if the C compiler works passed with the following output:
Change Dir: /afs/cern.ch/user/a/ayelland/public/geant4/G4ParticleTracking_v1.0/build/CMakeFiles/CMakeTmp

Run Build Command(s):/usr/bin/gmake cmTC_06a56/fast && /usr/bin/gmake  -f CMakeFiles/cmTC_06a56.dir/build.make CMakeFiles/cmTC_06a56.dir/build
gmake[1]: Entering directory `/afs/cern.ch/user/a/ayelland/public/geant4/G4ParticleTracking_v1.0/build/CMakeFiles/CMakeTmp'
Building C object CMakeFiles/cmTC_06a56.dir/testCCompiler.c.o
/cvmfs/sft.cern.ch/lcg/releases/gcc/10.3.0-f5826/x86_64-centos7/bin/gcc    -o CMakeFiles/cmTC_06a56.dir/testCCompiler.c.o   -c /afs/cern.ch/user/a/ayelland/public/geant4/G4ParticleTracking_v1.0/build/CMakeFiles/CMakeTmp/testCCompiler.c
Linking C executable cmTC_06a56
/cvmfs/cms.cern.ch/slc7_amd64_gcc10/external/cmake/3.17.2/bin/cmake -E cmake_link_script CMakeFiles/cmTC_06a56.dir/link.txt --verbose=1
/cvmfs/sft.cern.ch/lcg/releases/gcc/10.3.0-f5826/x86_64-centos7/bin/gcc      CMakeFiles/cmTC_06a56.dir/testCCompiler.c.o  -o cmTC_06a56 
gmake[1]: Leaving directory `/afs/cern.ch/user/a/ayelland/public/geant4/G4ParticleTracking_v1.0/build/CMakeFiles/CMakeTmp'



Detecting C compiler ABI info compiled with the following output:
Change Dir: /afs/cern.ch/user/a/ayelland/public/geant4/G4ParticleTracking_v1.0/build/CMakeFiles/CMakeTmp

Run Build Command(s):/usr/bin/gmake cmTC_37c3a/fast && /usr/bin/gmake  -f CMakeFiles/cmTC_37c3a.dir/build.make CMakeFiles/cmTC_37c3a.dir/build
gmake[1]: Entering directory `/afs/cern.ch/user/a/ayelland/public/geant4/G4ParticleTracking_v1.0/build/CMakeFiles/CMakeTmp'
Building C object CMakeFiles/cmTC_37c3a.dir/CMakeCCompilerABI.c.o
/cvmfs/sft.cern.ch/lcg/releases/gcc/10.3.0-f5826/x86_64-centos7/bin/gcc   -v -o CMakeFiles/cmTC_37c3a.dir/CMakeCCompilerABI.c.o   -c /cvmfs/cms.cern.ch/slc7_amd64_gcc10/external/cmake/3.17.2/share/cmake-3.17/Modules/CMakeCCompilerABI.c
Using built-in specs.
COLLECT_GCC=/cvmfs/sft.cern.ch/lcg/releases/gcc/10.3.0-f5826/x86_64-centos7/bin/gcc
Target: x86_64-pc-linux-gnu
Configured with: /build/dkonst/gcc-clang/build/contrib/gcc-10.3.0/src/gcc/10.3.0/configure --prefix=/build/dkonst/gcc-clang/lcgcmake-install/gcc/10.3.0/x86_64-centos7 -with-system-zlib --disable-multilib --enable-languages=all --with-gnu-ld --with-gnu-as
Thread model: posix
Supported LTO compression algorithms: zlib
gcc version 10.3.0 (GCC) 
COLLECT_GCC_OPTIONS='-v' '-o' 'CMakeFiles/cmTC_37c3a.dir/CMakeCCompilerABI.c.o' '-c' '-mtune=generic' '-march=x86-64'
 /cvmfs/sft.cern.ch/lcg/releases/gcc/10.3.0-f5826/x86_64-centos7/bin/../libexec/gcc/x86_64-pc-linux-gnu/10.3.0/cc1 -quiet -v -iprefix /cvmfs/sft.cern.ch/lcg/releases/gcc/10.3.0-f5826/x86_64-centos7/bin/../lib/gcc/x86_64-pc-linux-gnu/10.3.0/ -isystem /cvmfs/sft.cern.ch/lcg/releases/gcc/10.3.0-f5826/x86_64-centos7/include /cvmfs/cms.cern.ch/slc7_amd64_gcc10/external/cmake/3.17.2/share/cmake-3.17/Modules/CMakeCCompilerABI.c -quiet -dumpbase CMakeCCompilerABI.c -mtune=generic -march=x86-64 -auxbase-strip CMakeFiles/cmTC_37c3a.dir/CMakeCCompilerABI.c.o -version -o /tmp/ayelland/ccInyqqC.s
GNU C17 (GCC) version 10.3.0 (x86_64-pc-linux-gnu)
	compiled by GNU C version 10.3.0, GMP version 6.1.0, MPFR version 3.1.4, MPC version 1.0.3, isl version isl-0.18-GMP

GGC heuristics: --param ggc-min-expand=100 --param ggc-min-heapsize=131072
ignoring nonexistent directory "/cvmfs/sft.cern.ch/lcg/releases/gcc/10.3.0-f5826/x86_64-centos7/bin/../lib/gcc/x86_64-pc-linux-gnu/10.3.0/../../../../x86_64-pc-linux-gnu/include"
ignoring duplicate directory "/cvmfs/sft.cern.ch/lcg/releases/gcc/10.3.0-f5826/x86_64-centos7/bin/../lib/gcc/../../lib/gcc/x86_64-pc-linux-gnu/10.3.0/include"
ignoring duplicate directory "/cvmfs/sft.cern.ch/lcg/releases/gcc/10.3.0-f5826/x86_64-centos7/bin/../lib/gcc/../../include"
ignoring duplicate directory "/cvmfs/sft.cern.ch/lcg/releases/gcc/10.3.0-f5826/x86_64-centos7/bin/../lib/gcc/../../lib/gcc/x86_64-pc-linux-gnu/10.3.0/include-fixed"
ignoring nonexistent directory "/cvmfs/sft.cern.ch/lcg/releases/gcc/10.3.0-f5826/x86_64-centos7/bin/../lib/gcc/../../lib/gcc/x86_64-pc-linux-gnu/10.3.0/../../../../x86_64-pc-linux-gnu/include"
#include "..." search starts here:
#include <...> search starts here:
 /cvmfs/sft.cern.ch/lcg/releases/gcc/10.3.0-f5826/x86_64-centos7/include
 /cvmfs/sft.cern.ch/lcg/releases/gcc/10.3.0-f5826/x86_64-centos7/bin/../lib/gcc/x86_64-pc-linux-gnu/10.3.0/include
 /cvmfs/sft.cern.ch/lcg/releases/gcc/10.3.0-f5826/x86_64-centos7/bin/../lib/gcc/x86_64-pc-linux-gnu/10.3.0/include-fixed
 /usr/local/include
 /usr/include
End of search list.
GNU C17 (GCC) version 10.3.0 (x86_64-pc-linux-gnu)
	compiled by GNU C version 10.3.0, GMP version 6.1.0, MPFR version 3.1.4, MPC version 1.0.3, isl version isl-0.18-GMP

GGC heuristics: --param ggc-min-expand=100 --param ggc-min-heapsize=131072
Compiler executable checksum: 1a2ef70f7244523314cda6f70d63d7fd
COLLECT_GCC_OPTIONS='-v' '-o' 'CMakeFiles/cmTC_37c3a.dir/CMakeCCompilerABI.c.o' '-c' '-mtune=generic' '-march=x86-64'
 as -v --64 -o CMakeFiles/cmTC_37c3a.dir/CMakeCCompilerABI.c.o /tmp/ayelland/ccInyqqC.s
GNU assembler version 2.32 (x86_64-unknown-linux-gnu) using BFD version (GNU Binutils) 2.32
COMPILER_PATH=/cvmfs/sft.cern.ch/lcg/releases/gcc/10.3.0-f5826/x86_64-centos7/bin/../libexec/gcc/x86_64-pc-linux-gnu/10.3.0/:/cvmfs/sft.cern.ch/lcg/releases/gcc/10.3.0-f5826/x86_64-centos7/bin/../libexec/gcc/:/cvmfs/sft.cern.ch/lcg/releases/gcc/10.3.0-f5826/x86_64-centos7/
LIBRARY_PATH=/cvmfs/sft.cern.ch/lcg/releases/gcc/10.3.0-f5826/x86_64-centos7/bin/../lib/gcc/x86_64-pc-linux-gnu/10.3.0/:/cvmfs/sft.cern.ch/lcg/releases/gcc/10.3.0-f5826/x86_64-centos7/bin/../lib/gcc/:/cvmfs/sft.cern.ch/lcg/releases/gcc/10.3.0-f5826/x86_64-centos7/bin/../lib/gcc/x86_64-pc-linux-gnu/10.3.0/../../../../lib64/:/lib/../lib64/:/usr/lib/../lib64/:/cvmfs/sft.cern.ch/lcg/releases/gcc/10.3.0-f5826/x86_64-centos7/bin/../lib/gcc/x86_64-pc-linux-gnu/10.3.0/../../../:/lib/:/usr/lib/
COLLECT_GCC_OPTIONS='-v' '-o' 'CMakeFiles/cmTC_37c3a.dir/CMakeCCompilerABI.c.o' '-c' '-mtune=generic' '-march=x86-64'
Linking C executable cmTC_37c3a
/cvmfs/cms.cern.ch/slc7_amd64_gcc10/external/cmake/3.17.2/bin/cmake -E cmake_link_script CMakeFiles/cmTC_37c3a.dir/link.txt --verbose=1
/cvmfs/sft.cern.ch/lcg/releases/gcc/10.3.0-f5826/x86_64-centos7/bin/gcc     -v CMakeFiles/cmTC_37c3a.dir/CMakeCCompilerABI.c.o  -o cmTC_37c3a 
Using built-in specs.
COLLECT_GCC=/cvmfs/sft.cern.ch/lcg/releases/gcc/10.3.0-f5826/x86_64-centos7/bin/gcc
COLLECT_LTO_WRAPPER=/cvmfs/sft.cern.ch/lcg/releases/gcc/10.3.0-f5826/x86_64-centos7/bin/../libexec/gcc/x86_64-pc-linux-gnu/10.3.0/lto-wrapper
Target: x86_64-pc-linux-gnu
Configured with: /build/dkonst/gcc-clang/build/contrib/gcc-10.3.0/src/gcc/10.3.0/configure --prefix=/build/dkonst/gcc-clang/lcgcmake-install/gcc/10.3.0/x86_64-centos7 -with-system-zlib --disable-multilib --enable-languages=all --with-gnu-ld --with-gnu-as
Thread model: posix
Supported LTO compression algorithms: zlib
gcc version 10.3.0 (GCC) 
COMPILER_PATH=/cvmfs/sft.cern.ch/lcg/releases/gcc/10.3.0-f5826/x86_64-centos7/bin/../libexec/gcc/x86_64-pc-linux-gnu/10.3.0/:/cvmfs/sft.cern.ch/lcg/releases/gcc/10.3.0-f5826/x86_64-centos7/bin/../libexec/gcc/:/cvmfs/sft.cern.ch/lcg/releases/gcc/10.3.0-f5826/x86_64-centos7/
LIBRARY_PATH=/cvmfs/sft.cern.ch/lcg/releases/gcc/10.3.0-f5826/x86_64-centos7/bin/../lib/gcc/x86_64-pc-linux-gnu/10.3.0/:/cvmfs/sft.cern.ch/lcg/releases/gcc/10.3.0-f5826/x86_64-centos7/bin/../lib/gcc/:/cvmfs/sft.cern.ch/lcg/releases/gcc/10.3.0-f5826/x86_64-centos7/bin/../lib/gcc/x86_64-pc-linux-gnu/10.3.0/../../../../lib64/:/lib/../lib64/:/usr/lib/../lib64/:/cvmfs/sft.cern.ch/lcg/releases/gcc/10.3.0-f5826/x86_64-centos7/bin/../lib/gcc/x86_64-pc-linux-gnu/10.3.0/../../../:/lib/:/usr/lib/
COLLECT_GCC_OPTIONS='-v' '-o' 'cmTC_37c3a' '-mtune=generic' '-march=x86-64'
 /cvmfs/sft.cern.ch/lcg/releases/gcc/10.3.0-f5826/x86_64-centos7/bin/../libexec/gcc/x86_64-pc-linux-gnu/10.3.0/collect2 -plugin /cvmfs/sft.cern.ch/lcg/releases/gcc/10.3.0-f5826/x86_64-centos7/bin/../libexec/gcc/x86_64-pc-linux-gnu/10.3.0/liblto_plugin.so -plugin-opt=/cvmfs/sft.cern.ch/lcg/releases/gcc/10.3.0-f5826/x86_64-centos7/bin/../libexec/gcc/x86_64-pc-linux-gnu/10.3.0/lto-wrapper -plugin-opt=-fresolution=/tmp/ayelland/ccTMxvuG.res -plugin-opt=-pass-through=-lgcc -plugin-opt=-pass-through=-lgcc_s -plugin-opt=-pass-through=-lc -plugin-opt=-pass-through=-lgcc -plugin-opt=-pass-through=-lgcc_s --eh-frame-hdr -m elf_x86_64 -dynamic-linker /lib64/ld-linux-x86-64.so.2 -o cmTC_37c3a /lib/../lib64/crt1.o /lib/../lib64/crti.o /cvmfs/sft.cern.ch/lcg/releases/gcc/10.3.0-f5826/x86_64-centos7/bin/../lib/gcc/x86_64-pc-linux-gnu/10.3.0/crtbegin.o -L/cvmfs/sft.cern.ch/lcg/releases/gcc/10.3.0-f5826/x86_64-centos7/bin/../lib/gcc/x86_64-pc-linux-gnu/10.3.0 -L/cvmfs/sft.cern.ch/lcg/releases/gcc/10.3.0-f5826/x86_64-centos7/bin/../lib/gcc -L/cvmfs/sft.cern.ch/lcg/releases/gcc/10.3.0-f5826/x86_64-centos7/bin/../lib/gcc/x86_64-pc-linux-gnu/10.3.0/../../../../lib64 -L/lib/../lib64 -L/usr/lib/../lib64 -L/cvmfs/sft.cern.ch/lcg/releases/gcc/10.3.0-f5826/x86_64-centos7/bin/../lib/gcc/x86_64-pc-linux-gnu/10.3.0/../../.. CMakeFiles/cmTC_37c3a.dir/CMakeCCompilerABI.c.o -lgcc --push-state --as-needed -lgcc_s --pop-state -lc -lgcc --push-state --as-needed -lgcc_s --pop-state /cvmfs/sft.cern.ch/lcg/releases/gcc/10.3.0-f5826/x86_64-centos7/bin/../lib/gcc/x86_64-pc-linux-gnu/10.3.0/crtend.o /lib/../lib64/crtn.o
COLLECT_GCC_OPTIONS='-v' '-o' 'cmTC_37c3a' '-mtune=generic' '-march=x86-64'
gmake[1]: Leaving directory `/afs/cern.ch/user/a/ayelland/public/geant4/G4ParticleTracking_v1.0/build/CMakeFiles/CMakeTmp'



Parsed C implicit include dir info from above output: rv=done
  found start of include info
  found start of implicit include info
    add: [/cvmfs/sft.cern.ch/lcg/releases/gcc/10.3.0-f5826/x86_64-centos7/include]
    add: [/cvmfs/sft.cern.ch/lcg/releases/gcc/10.3.0-f5826/x86_64-centos7/bin/../lib/gcc/x86_64-pc-linux-gnu/10.3.0/include]
    add: [/cvmfs/sft.cern.ch/lcg/releases/gcc/10.3.0-f5826/x86_64-centos7/bin/../lib/gcc/x86_64-pc-linux-gnu/10.3.0/include-fixed]
    add: [/usr/local/include]
    add: [/usr/include]
  end of search list found
  collapse include dir [/cvmfs/sft.cern.ch/lcg/releases/gcc/10.3.0-f5826/x86_64-centos7/include] ==> [/cvmfs/sft.cern.ch/lcg/releases/gcc/10.3.0-f5826/x86_64-centos7/include]
  collapse include dir [/cvmfs/sft.cern.ch/lcg/releases/gcc/10.3.0-f5826/x86_64-centos7/bin/../lib/gcc/x86_64-pc-linux-gnu/10.3.0/include] ==> [/cvmfs/sft.cern.ch/lcg/releases/gcc/10.3.0-f5826/x86_64-centos7/lib/gcc/x86_64-pc-linux-gnu/10.3.0/include]
  collapse include dir [/cvmfs/sft.cern.ch/lcg/releases/gcc/10.3.0-f5826/x86_64-centos7/bin/../lib/gcc/x86_64-pc-linux-gnu/10.3.0/include-fixed] ==> [/cvmfs/sft.cern.ch/lcg/releases/gcc/10.3.0-f5826/x86_64-centos7/lib/gcc/x86_64-pc-linux-gnu/10.3.0/include-fixed]
  collapse include dir [/usr/local/include] ==> [/usr/local/include]
  collapse include dir [/usr/include] ==> [/usr/include]
  implicit include dirs: [/cvmfs/sft.cern.ch/lcg/releases/gcc/10.3.0-f5826/x86_64-centos7/include;/cvmfs/sft.cern.ch/lcg/releases/gcc/10.3.0-f5826/x86_64-centos7/lib/gcc/x86_64-pc-linux-gnu/10.3.0/include;/cvmfs/sft.cern.ch/lcg/releases/gcc/10.3.0-f5826/x86_64-centos7/lib/gcc/x86_64-pc-linux-gnu/10.3.0/include-fixed;/usr/local/include;/usr/include]


Parsed C implicit link information from above output:
  link line regex: [^( *|.*[/\])(ld|CMAKE_LINK_STARTFILE-NOTFOUND|([^/\]+-)?ld|collect2)[^/\]*( |$)]
  ignore line: [Change Dir: /afs/cern.ch/user/a/ayelland/public/geant4/G4ParticleTracking_v1.0/build/CMakeFiles/CMakeTmp]
  ignore line: []
  ignore line: [Run Build Command(s):/usr/bin/gmake cmTC_37c3a/fast && /usr/bin/gmake  -f CMakeFiles/cmTC_37c3a.dir/build.make CMakeFiles/cmTC_37c3a.dir/build]
  ignore line: [gmake[1]: Entering directory `/afs/cern.ch/user/a/ayelland/public/geant4/G4ParticleTracking_v1.0/build/CMakeFiles/CMakeTmp']
  ignore line: [Building C object CMakeFiles/cmTC_37c3a.dir/CMakeCCompilerABI.c.o]
  ignore line: [/cvmfs/sft.cern.ch/lcg/releases/gcc/10.3.0-f5826/x86_64-centos7/bin/gcc   -v -o CMakeFiles/cmTC_37c3a.dir/CMakeCCompilerABI.c.o   -c /cvmfs/cms.cern.ch/slc7_amd64_gcc10/external/cmake/3.17.2/share/cmake-3.17/Modules/CMakeCCompilerABI.c]
  ignore line: [Using built-in specs.]
  ignore line: [COLLECT_GCC=/cvmfs/sft.cern.ch/lcg/releases/gcc/10.3.0-f5826/x86_64-centos7/bin/gcc]
  ignore line: [Target: x86_64-pc-linux-gnu]
  ignore line: [Configured with: /build/dkonst/gcc-clang/build/contrib/gcc-10.3.0/src/gcc/10.3.0/configure --prefix=/build/dkonst/gcc-clang/lcgcmake-install/gcc/10.3.0/x86_64-centos7 -with-system-zlib --disable-multilib --enable-languages=all --with-gnu-ld --with-gnu-as]
  ignore line: [Thread model: posix]
  ignore line: [Supported LTO compression algorithms: zlib]
  ignore line: [gcc version 10.3.0 (GCC) ]
  ignore line: [COLLECT_GCC_OPTIONS='-v' '-o' 'CMakeFiles/cmTC_37c3a.dir/CMakeCCompilerABI.c.o' '-c' '-mtune=generic' '-march=x86-64']
  ignore line: [ /cvmfs/sft.cern.ch/lcg/releases/gcc/10.3.0-f5826/x86_64-centos7/bin/../libexec/gcc/x86_64-pc-linux-gnu/10.3.0/cc1 -quiet -v -iprefix /cvmfs/sft.cern.ch/lcg/releases/gcc/10.3.0-f5826/x86_64-centos7/bin/../lib/gcc/x86_64-pc-linux-gnu/10.3.0/ -isystem /cvmfs/sft.cern.ch/lcg/releases/gcc/10.3.0-f5826/x86_64-centos7/include /cvmfs/cms.cern.ch/slc7_amd64_gcc10/external/cmake/3.17.2/share/cmake-3.17/Modules/CMakeCCompilerABI.c -quiet -dumpbase CMakeCCompilerABI.c -mtune=generic -march=x86-64 -auxbase-strip CMakeFiles/cmTC_37c3a.dir/CMakeCCompilerABI.c.o -version -o /tmp/ayelland/ccInyqqC.s]
  ignore line: [GNU C17 (GCC) version 10.3.0 (x86_64-pc-linux-gnu)]
  ignore line: [	compiled by GNU C version 10.3.0  GMP version 6.1.0  MPFR version 3.1.4  MPC version 1.0.3  isl version isl-0.18-GMP]
  ignore line: []
  ignore line: [GGC heuristics: --param ggc-min-expand=100 --param ggc-min-heapsize=131072]
  ignore line: [ignoring nonexistent directory "/cvmfs/sft.cern.ch/lcg/releases/gcc/10.3.0-f5826/x86_64-centos7/bin/../lib/gcc/x86_64-pc-linux-gnu/10.3.0/../../../../x86_64-pc-linux-gnu/include"]
  ignore line: [ignoring duplicate directory "/cvmfs/sft.cern.ch/lcg/releases/gcc/10.3.0-f5826/x86_64-centos7/bin/../lib/gcc/../../lib/gcc/x86_64-pc-linux-gnu/10.3.0/include"]
  ignore line: [ignoring duplicate directory "/cvmfs/sft.cern.ch/lcg/releases/gcc/10.3.0-f5826/x86_64-centos7/bin/../lib/gcc/../../include"]
  ignore line: [ignoring duplicate directory "/cvmfs/sft.cern.ch/lcg/releases/gcc/10.3.0-f5826/x86_64-centos7/bin/../lib/gcc/../../lib/gcc/x86_64-pc-linux-gnu/10.3.0/include-fixed"]
  ignore line: [ignoring nonexistent directory "/cvmfs/sft.cern.ch/lcg/releases/gcc/10.3.0-f5826/x86_64-centos7/bin/../lib/gcc/../../lib/gcc/x86_64-pc-linux-gnu/10.3.0/../../../../x86_64-pc-linux-gnu/include"]
  ignore line: [#include "..." search starts here:]
  ignore line: [#include <...> search starts here:]
  ignore line: [ /cvmfs/sft.cern.ch/lcg/releases/gcc/10.3.0-f5826/x86_64-centos7/include]
  ignore line: [ /cvmfs/sft.cern.ch/lcg/releases/gcc/10.3.0-f5826/x86_64-centos7/bin/../lib/gcc/x86_64-pc-linux-gnu/10.3.0/include]
  ignore line: [ /cvmfs/sft.cern.ch/lcg/releases/gcc/10.3.0-f5826/x86_64-centos7/bin/../lib/gcc/x86_64-pc-linux-gnu/10.3.0/include-fixed]
  ignore line: [ /usr/local/include]
  ignore line: [ /usr/include]
  ignore line: [End of search list.]
  ignore line: [GNU C17 (GCC) version 10.3.0 (x86_64-pc-linux-gnu)]
  ignore line: [	compiled by GNU C version 10.3.0  GMP version 6.1.0  MPFR version 3.1.4  MPC version 1.0.3  isl version isl-0.18-GMP]
  ignore line: []
  ignore line: [GGC heuristics: --param ggc-min-expand=100 --param ggc-min-heapsize=131072]
  ignore line: [Compiler executable checksum: 1a2ef70f7244523314cda6f70d63d7fd]
  ignore line: [COLLECT_GCC_OPTIONS='-v' '-o' 'CMakeFiles/cmTC_37c3a.dir/CMakeCCompilerABI.c.o' '-c' '-mtune=generic' '-march=x86-64']
  ignore line: [ as -v --64 -o CMakeFiles/cmTC_37c3a.dir/CMakeCCompilerABI.c.o /tmp/ayelland/ccInyqqC.s]
  ignore line: [GNU assembler version 2.32 (x86_64-unknown-linux-gnu) using BFD version (GNU Binutils) 2.32]
  ignore line: [COMPILER_PATH=/cvmfs/sft.cern.ch/lcg/releases/gcc/10.3.0-f5826/x86_64-centos7/bin/../libexec/gcc/x86_64-pc-linux-gnu/10.3.0/:/cvmfs/sft.cern.ch/lcg/releases/gcc/10.3.0-f5826/x86_64-centos7/bin/../libexec/gcc/:/cvmfs/sft.cern.ch/lcg/releases/gcc/10.3.0-f5826/x86_64-centos7/]
  ignore line: [LIBRARY_PATH=/cvmfs/sft.cern.ch/lcg/releases/gcc/10.3.0-f5826/x86_64-centos7/bin/../lib/gcc/x86_64-pc-linux-gnu/10.3.0/:/cvmfs/sft.cern.ch/lcg/releases/gcc/10.3.0-f5826/x86_64-centos7/bin/../lib/gcc/:/cvmfs/sft.cern.ch/lcg/releases/gcc/10.3.0-f5826/x86_64-centos7/bin/../lib/gcc/x86_64-pc-linux-gnu/10.3.0/../../../../lib64/:/lib/../lib64/:/usr/lib/../lib64/:/cvmfs/sft.cern.ch/lcg/releases/gcc/10.3.0-f5826/x86_64-centos7/bin/../lib/gcc/x86_64-pc-linux-gnu/10.3.0/../../../:/lib/:/usr/lib/]
  ignore line: [COLLECT_GCC_OPTIONS='-v' '-o' 'CMakeFiles/cmTC_37c3a.dir/CMakeCCompilerABI.c.o' '-c' '-mtune=generic' '-march=x86-64']
  ignore line: [Linking C executable cmTC_37c3a]
  ignore line: [/cvmfs/cms.cern.ch/slc7_amd64_gcc10/external/cmake/3.17.2/bin/cmake -E cmake_link_script CMakeFiles/cmTC_37c3a.dir/link.txt --verbose=1]
  ignore line: [/cvmfs/sft.cern.ch/lcg/releases/gcc/10.3.0-f5826/x86_64-centos7/bin/gcc     -v CMakeFiles/cmTC_37c3a.dir/CMakeCCompilerABI.c.o  -o cmTC_37c3a ]
  ignore line: [Using built-in specs.]
  ignore line: [COLLECT_GCC=/cvmfs/sft.cern.ch/lcg/releases/gcc/10.3.0-f5826/x86_64-centos7/bin/gcc]
  ignore line: [COLLECT_LTO_WRAPPER=/cvmfs/sft.cern.ch/lcg/releases/gcc/10.3.0-f5826/x86_64-centos7/bin/../libexec/gcc/x86_64-pc-linux-gnu/10.3.0/lto-wrapper]
  ignore line: [Target: x86_64-pc-linux-gnu]
  ignore line: [Configured with: /build/dkonst/gcc-clang/build/contrib/gcc-10.3.0/src/gcc/10.3.0/configure --prefix=/build/dkonst/gcc-clang/lcgcmake-install/gcc/10.3.0/x86_64-centos7 -with-system-zlib --disable-multilib --enable-languages=all --with-gnu-ld --with-gnu-as]
  ignore line: [Thread model: posix]
  ignore line: [Supported LTO compression algorithms: zlib]
  ignore line: [gcc version 10.3.0 (GCC) ]
  ignore line: [COMPILER_PATH=/cvmfs/sft.cern.ch/lcg/releases/gcc/10.3.0-f5826/x86_64-centos7/bin/../libexec/gcc/x86_64-pc-linux-gnu/10.3.0/:/cvmfs/sft.cern.ch/lcg/releases/gcc/10.3.0-f5826/x86_64-centos7/bin/../libexec/gcc/:/cvmfs/sft.cern.ch/lcg/releases/gcc/10.3.0-f5826/x86_64-centos7/]
  ignore line: [LIBRARY_PATH=/cvmfs/sft.cern.ch/lcg/releases/gcc/10.3.0-f5826/x86_64-centos7/bin/../lib/gcc/x86_64-pc-linux-gnu/10.3.0/:/cvmfs/sft.cern.ch/lcg/releases/gcc/10.3.0-f5826/x86_64-centos7/bin/../lib/gcc/:/cvmfs/sft.cern.ch/lcg/releases/gcc/10.3.0-f5826/x86_64-centos7/bin/../lib/gcc/x86_64-pc-linux-gnu/10.3.0/../../../../lib64/:/lib/../lib64/:/usr/lib/../lib64/:/cvmfs/sft.cern.ch/lcg/releases/gcc/10.3.0-f5826/x86_64-centos7/bin/../lib/gcc/x86_64-pc-linux-gnu/10.3.0/../../../:/lib/:/usr/lib/]
  ignore line: [COLLECT_GCC_OPTIONS='-v' '-o' 'cmTC_37c3a' '-mtune=generic' '-march=x86-64']
  link line: [ /cvmfs/sft.cern.ch/lcg/releases/gcc/10.3.0-f5826/x86_64-centos7/bin/../libexec/gcc/x86_64-pc-linux-gnu/10.3.0/collect2 -plugin /cvmfs/sft.cern.ch/lcg/releases/gcc/10.3.0-f5826/x86_64-centos7/bin/../libexec/gcc/x86_64-pc-linux-gnu/10.3.0/liblto_plugin.so -plugin-opt=/cvmfs/sft.cern.ch/lcg/releases/gcc/10.3.0-f5826/x86_64-centos7/bin/../libexec/gcc/x86_64-pc-linux-gnu/10.3.0/lto-wrapper -plugin-opt=-fresolution=/tmp/ayelland/ccTMxvuG.res -plugin-opt=-pass-through=-lgcc -plugin-opt=-pass-through=-lgcc_s -plugin-opt=-pass-through=-lc -plugin-opt=-pass-through=-lgcc -plugin-opt=-pass-through=-lgcc_s --eh-frame-hdr -m elf_x86_64 -dynamic-linker /lib64/ld-linux-x86-64.so.2 -o cmTC_37c3a /lib/../lib64/crt1.o /lib/../lib64/crti.o /cvmfs/sft.cern.ch/lcg/releases/gcc/10.3.0-f5826/x86_64-centos7/bin/../lib/gcc/x86_64-pc-linux-gnu/10.3.0/crtbegin.o -L/cvmfs/sft.cern.ch/lcg/releases/gcc/10.3.0-f5826/x86_64-centos7/bin/../lib/gcc/x86_64-pc-linux-gnu/10.3.0 -L/cvmfs/sft.cern.ch/lcg/releases/gcc/10.3.0-f5826/x86_64-centos7/bin/../lib/gcc -L/cvmfs/sft.cern.ch/lcg/releases/gcc/10.3.0-f5826/x86_64-centos7/bin/../lib/gcc/x86_64-pc-linux-gnu/10.3.0/../../../../lib64 -L/lib/../lib64 -L/usr/lib/../lib64 -L/cvmfs/sft.cern.ch/lcg/releases/gcc/10.3.0-f5826/x86_64-centos7/bin/../lib/gcc/x86_64-pc-linux-gnu/10.3.0/../../.. CMakeFiles/cmTC_37c3a.dir/CMakeCCompilerABI.c.o -lgcc --push-state --as-needed -lgcc_s --pop-state -lc -lgcc --push-state --as-needed -lgcc_s --pop-state /cvmfs/sft.cern.ch/lcg/releases/gcc/10.3.0-f5826/x86_64-centos7/bin/../lib/gcc/x86_64-pc-linux-gnu/10.3.0/crtend.o /lib/../lib64/crtn.o]
    arg [/cvmfs/sft.cern.ch/lcg/releases/gcc/10.3.0-f5826/x86_64-centos7/bin/../libexec/gcc/x86_64-pc-linux-gnu/10.3.0/collect2] ==> ignore
    arg [-plugin] ==> ignore
    arg [/cvmfs/sft.cern.ch/lcg/releases/gcc/10.3.0-f5826/x86_64-centos7/bin/../libexec/gcc/x86_64-pc-linux-gnu/10.3.0/liblto_plugin.so] ==> ignore
    arg [-plugin-opt=/cvmfs/sft.cern.ch/lcg/releases/gcc/10.3.0-f5826/x86_64-centos7/bin/../libexec/gcc/x86_64-pc-linux-gnu/10.3.0/lto-wrapper] ==> ignore
    arg [-plugin-opt=-fresolution=/tmp/ayelland/ccTMxvuG.res] ==> ignore
    arg [-plugin-opt=-pass-through=-lgcc] ==> ignore
    arg [-plugin-opt=-pass-through=-lgcc_s] ==> ignore
    arg [-plugin-opt=-pass-through=-lc] ==> ignore
    arg [-plugin-opt=-pass-through=-lgcc] ==> ignore
    arg [-plugin-opt=-pass-through=-lgcc_s] ==> ignore
    arg [--eh-frame-hdr] ==> ignore
    arg [-m] ==> ignore
    arg [elf_x86_64] ==> ignore
    arg [-dynamic-linker] ==> ignore
    arg [/lib64/ld-linux-x86-64.so.2] ==> ignore
    arg [-o] ==> ignore
    arg [cmTC_37c3a] ==> ignore
    arg [/lib/../lib64/crt1.o] ==> ignore
    arg [/lib/../lib64/crti.o] ==> ignore
    arg [/cvmfs/sft.cern.ch/lcg/releases/gcc/10.3.0-f5826/x86_64-centos7/bin/../lib/gcc/x86_64-pc-linux-gnu/10.3.0/crtbegin.o] ==> ignore
    arg [-L/cvmfs/sft.cern.ch/lcg/releases/gcc/10.3.0-f5826/x86_64-centos7/bin/../lib/gcc/x86_64-pc-linux-gnu/10.3.0] ==> dir [/cvmfs/sft.cern.ch/lcg/releases/gcc/10.3.0-f5826/x86_64-centos7/bin/../lib/gcc/x86_64-pc-linux-gnu/10.3.0]
    arg [-L/cvmfs/sft.cern.ch/lcg/releases/gcc/10.3.0-f5826/x86_64-centos7/bin/../lib/gcc] ==> dir [/cvmfs/sft.cern.ch/lcg/releases/gcc/10.3.0-f5826/x86_64-centos7/bin/../lib/gcc]
    arg [-L/cvmfs/sft.cern.ch/lcg/releases/gcc/10.3.0-f5826/x86_64-centos7/bin/../lib/gcc/x86_64-pc-linux-gnu/10.3.0/../../../../lib64] ==> dir [/cvmfs/sft.cern.ch/lcg/releases/gcc/10.3.0-f5826/x86_64-centos7/bin/../lib/gcc/x86_64-pc-linux-gnu/10.3.0/../../../../lib64]
    arg [-L/lib/../lib64] ==> dir [/lib/../lib64]
    arg [-L/usr/lib/../lib64] ==> dir [/usr/lib/../lib64]
    arg [-L/cvmfs/sft.cern.ch/lcg/releases/gcc/10.3.0-f5826/x86_64-centos7/bin/../lib/gcc/x86_64-pc-linux-gnu/10.3.0/../../..] ==> dir [/cvmfs/sft.cern.ch/lcg/releases/gcc/10.3.0-f5826/x86_64-centos7/bin/../lib/gcc/x86_64-pc-linux-gnu/10.3.0/../../..]
    arg [CMakeFiles/cmTC_37c3a.dir/CMakeCCompilerABI.c.o] ==> ignore
    arg [-lgcc] ==> lib [gcc]
    arg [--push-state] ==> ignore
    arg [--as-needed] ==> ignore
    arg [-lgcc_s] ==> lib [gcc_s]
    arg [--pop-state] ==> ignore
    arg [-lc] ==> lib [c]
    arg [-lgcc] ==> lib [gcc]
    arg [--push-state] ==> ignore
    arg [--as-needed] ==> ignore
    arg [-lgcc_s] ==> lib [gcc_s]
    arg [--pop-state] ==> ignore
    arg [/cvmfs/sft.cern.ch/lcg/releases/gcc/10.3.0-f5826/x86_64-centos7/bin/../lib/gcc/x86_64-pc-linux-gnu/10.3.0/crtend.o] ==> ignore
    arg [/lib/../lib64/crtn.o] ==> ignore
  collapse library dir [/cvmfs/sft.cern.ch/lcg/releases/gcc/10.3.0-f5826/x86_64-centos7/bin/../lib/gcc/x86_64-pc-linux-gnu/10.3.0] ==> [/cvmfs/sft.cern.ch/lcg/releases/gcc/10.3.0-f5826/x86_64-centos7/lib/gcc/x86_64-pc-linux-gnu/10.3.0]
  collapse library dir [/cvmfs/sft.cern.ch/lcg/releases/gcc/10.3.0-f5826/x86_64-centos7/bin/../lib/gcc] ==> [/cvmfs/sft.cern.ch/lcg/releases/gcc/10.3.0-f5826/x86_64-centos7/lib/gcc]
  collapse library dir [/cvmfs/sft.cern.ch/lcg/releases/gcc/10.3.0-f5826/x86_64-centos7/bin/../lib/gcc/x86_64-pc-linux-gnu/10.3.0/../../../../lib64] ==> [/cvmfs/sft.cern.ch/lcg/releases/gcc/10.3.0-f5826/x86_64-centos7/lib64]
  collapse library dir [/lib/../lib64] ==> [/lib64]
  collapse library dir [/usr/lib/../lib64] ==> [/usr/lib64]
  collapse library dir [/cvmfs/sft.cern.ch/lcg/releases/gcc/10.3.0-f5826/x86_64-centos7/bin/../lib/gcc/x86_64-pc-linux-gnu/10.3.0/../../..] ==> [/cvmfs/sft.cern.ch/lcg/releases/gcc/10.3.0-f5826/x86_64-centos7/lib]
  implicit libs: [gcc;gcc_s;c;gcc;gcc_s]
  implicit dirs: [/cvmfs/sft.cern.ch/lcg/releases/gcc/10.3.0-f5826/x86_64-centos7/lib/gcc/x86_64-pc-linux-gnu/10.3.0;/cvmfs/sft.cern.ch/lcg/releases/gcc/10.3.0-f5826/x86_64-centos7/lib/gcc;/cvmfs/sft.cern.ch/lcg/releases/gcc/10.3.0-f5826/x86_64-centos7/lib64;/lib64;/usr/lib64;/cvmfs/sft.cern.ch/lcg/releases/gcc/10.3.0-f5826/x86_64-centos7/lib]
  implicit fwks: []


Determining if the CXX compiler works passed with the following output:
Change Dir: /afs/cern.ch/user/a/ayelland/public/geant4/G4ParticleTracking_v1.0/build/CMakeFiles/CMakeTmp

Run Build Command(s):/usr/bin/gmake cmTC_71127/fast && /usr/bin/gmake  -f CMakeFiles/cmTC_71127.dir/build.make CMakeFiles/cmTC_71127.dir/build
gmake[1]: Entering directory `/afs/cern.ch/user/a/ayelland/public/geant4/G4ParticleTracking_v1.0/build/CMakeFiles/CMakeTmp'
Building CXX object CMakeFiles/cmTC_71127.dir/testCXXCompiler.cxx.o
/cvmfs/sft.cern.ch/lcg/releases/gcc/10.3.0-f5826/x86_64-centos7/bin/g++     -o CMakeFiles/cmTC_71127.dir/testCXXCompiler.cxx.o -c /afs/cern.ch/user/a/ayelland/public/geant4/G4ParticleTracking_v1.0/build/CMakeFiles/CMakeTmp/testCXXCompiler.cxx
Linking CXX executable cmTC_71127
/cvmfs/cms.cern.ch/slc7_amd64_gcc10/external/cmake/3.17.2/bin/cmake -E cmake_link_script CMakeFiles/cmTC_71127.dir/link.txt --verbose=1
/cvmfs/sft.cern.ch/lcg/releases/gcc/10.3.0-f5826/x86_64-centos7/bin/g++       CMakeFiles/cmTC_71127.dir/testCXXCompiler.cxx.o  -o cmTC_71127 
gmake[1]: Leaving directory `/afs/cern.ch/user/a/ayelland/public/geant4/G4ParticleTracking_v1.0/build/CMakeFiles/CMakeTmp'



Detecting CXX compiler ABI info compiled with the following output:
Change Dir: /afs/cern.ch/user/a/ayelland/public/geant4/G4ParticleTracking_v1.0/build/CMakeFiles/CMakeTmp

Run Build Command(s):/usr/bin/gmake cmTC_7e6df/fast && /usr/bin/gmake  -f CMakeFiles/cmTC_7e6df.dir/build.make CMakeFiles/cmTC_7e6df.dir/build
gmake[1]: Entering directory `/afs/cern.ch/user/a/ayelland/public/geant4/G4ParticleTracking_v1.0/build/CMakeFiles/CMakeTmp'
Building CXX object CMakeFiles/cmTC_7e6df.dir/CMakeCXXCompilerABI.cpp.o
/cvmfs/sft.cern.ch/lcg/releases/gcc/10.3.0-f5826/x86_64-centos7/bin/g++    -v -o CMakeFiles/cmTC_7e6df.dir/CMakeCXXCompilerABI.cpp.o -c /cvmfs/cms.cern.ch/slc7_amd64_gcc10/external/cmake/3.17.2/share/cmake-3.17/Modules/CMakeCXXCompilerABI.cpp
Using built-in specs.
COLLECT_GCC=/cvmfs/sft.cern.ch/lcg/releases/gcc/10.3.0-f5826/x86_64-centos7/bin/g++
Target: x86_64-pc-linux-gnu
Configured with: /build/dkonst/gcc-clang/build/contrib/gcc-10.3.0/src/gcc/10.3.0/configure --prefix=/build/dkonst/gcc-clang/lcgcmake-install/gcc/10.3.0/x86_64-centos7 -with-system-zlib --disable-multilib --enable-languages=all --with-gnu-ld --with-gnu-as
Thread model: posix
Supported LTO compression algorithms: zlib
gcc version 10.3.0 (GCC) 
COLLECT_GCC_OPTIONS='-v' '-o' 'CMakeFiles/cmTC_7e6df.dir/CMakeCXXCompilerABI.cpp.o' '-c' '-shared-libgcc' '-mtune=generic' '-march=x86-64'
 /cvmfs/sft.cern.ch/lcg/releases/gcc/10.3.0-f5826/x86_64-centos7/bin/../libexec/gcc/x86_64-pc-linux-gnu/10.3.0/cc1plus -quiet -v -iprefix /cvmfs/sft.cern.ch/lcg/releases/gcc/10.3.0-f5826/x86_64-centos7/bin/../lib/gcc/x86_64-pc-linux-gnu/10.3.0/ -isystem /cvmfs/sft.cern.ch/lcg/releases/gcc/10.3.0-f5826/x86_64-centos7/include -D_GNU_SOURCE /cvmfs/cms.cern.ch/slc7_amd64_gcc10/external/cmake/3.17.2/share/cmake-3.17/Modules/CMakeCXXCompilerABI.cpp -quiet -dumpbase CMakeCXXCompilerABI.cpp -mtune=generic -march=x86-64 -auxbase-strip CMakeFiles/cmTC_7e6df.dir/CMakeCXXCompilerABI.cpp.o -version -o /tmp/ayelland/ccDmTvKm.s
GNU C++14 (GCC) version 10.3.0 (x86_64-pc-linux-gnu)
	compiled by GNU C version 10.3.0, GMP version 6.1.0, MPFR version 3.1.4, MPC version 1.0.3, isl version isl-0.18-GMP

GGC heuristics: --param ggc-min-expand=100 --param ggc-min-heapsize=131072
ignoring nonexistent directory "/cvmfs/sft.cern.ch/lcg/releases/gcc/10.3.0-f5826/x86_64-centos7/bin/../lib/gcc/x86_64-pc-linux-gnu/10.3.0/../../../../x86_64-pc-linux-gnu/include"
ignoring duplicate directory "/cvmfs/sft.cern.ch/lcg/releases/gcc/10.3.0-f5826/x86_64-centos7/bin/../lib/gcc/../../lib/gcc/x86_64-pc-linux-gnu/10.3.0/../../../../include/c++/10.3.0"
ignoring duplicate directory "/cvmfs/sft.cern.ch/lcg/releases/gcc/10.3.0-f5826/x86_64-centos7/bin/../lib/gcc/../../lib/gcc/x86_64-pc-linux-gnu/10.3.0/../../../../include/c++/10.3.0/x86_64-pc-linux-gnu"
ignoring duplicate directory "/cvmfs/sft.cern.ch/lcg/releases/gcc/10.3.0-f5826/x86_64-centos7/bin/../lib/gcc/../../lib/gcc/x86_64-pc-linux-gnu/10.3.0/../../../../include/c++/10.3.0/backward"
ignoring duplicate directory "/cvmfs/sft.cern.ch/lcg/releases/gcc/10.3.0-f5826/x86_64-centos7/bin/../lib/gcc/../../lib/gcc/x86_64-pc-linux-gnu/10.3.0/include"
ignoring duplicate directory "/cvmfs/sft.cern.ch/lcg/releases/gcc/10.3.0-f5826/x86_64-centos7/bin/../lib/gcc/../../include"
ignoring duplicate directory "/cvmfs/sft.cern.ch/lcg/releases/gcc/10.3.0-f5826/x86_64-centos7/bin/../lib/gcc/../../lib/gcc/x86_64-pc-linux-gnu/10.3.0/include-fixed"
ignoring nonexistent directory "/cvmfs/sft.cern.ch/lcg/releases/gcc/10.3.0-f5826/x86_64-centos7/bin/../lib/gcc/../../lib/gcc/x86_64-pc-linux-gnu/10.3.0/../../../../x86_64-pc-linux-gnu/include"
#include "..." search starts here:
#include <...> search starts here:
 /cvmfs/sft.cern.ch/lcg/releases/gcc/10.3.0-f5826/x86_64-centos7/include
 /cvmfs/sft.cern.ch/lcg/releases/gcc/10.3.0-f5826/x86_64-centos7/bin/../lib/gcc/x86_64-pc-linux-gnu/10.3.0/../../../../include/c++/10.3.0
 /cvmfs/sft.cern.ch/lcg/releases/gcc/10.3.0-f5826/x86_64-centos7/bin/../lib/gcc/x86_64-pc-linux-gnu/10.3.0/../../../../include/c++/10.3.0/x86_64-pc-linux-gnu
 /cvmfs/sft.cern.ch/lcg/releases/gcc/10.3.0-f5826/x86_64-centos7/bin/../lib/gcc/x86_64-pc-linux-gnu/10.3.0/../../../../include/c++/10.3.0/backward
 /cvmfs/sft.cern.ch/lcg/releases/gcc/10.3.0-f5826/x86_64-centos7/bin/../lib/gcc/x86_64-pc-linux-gnu/10.3.0/include
 /cvmfs/sft.cern.ch/lcg/releases/gcc/10.3.0-f5826/x86_64-centos7/bin/../lib/gcc/x86_64-pc-linux-gnu/10.3.0/include-fixed
 /usr/local/include
 /usr/include
End of search list.
GNU C++14 (GCC) version 10.3.0 (x86_64-pc-linux-gnu)
	compiled by GNU C version 10.3.0, GMP version 6.1.0, MPFR version 3.1.4, MPC version 1.0.3, isl version isl-0.18-GMP

GGC heuristics: --param ggc-min-expand=100 --param ggc-min-heapsize=131072
Compiler executable checksum: 1d3c435fb053d473c96b1ed9cb976a66
COLLECT_GCC_OPTIONS='-v' '-o' 'CMakeFiles/cmTC_7e6df.dir/CMakeCXXCompilerABI.cpp.o' '-c' '-shared-libgcc' '-mtune=generic' '-march=x86-64'
 as -v --64 -o CMakeFiles/cmTC_7e6df.dir/CMakeCXXCompilerABI.cpp.o /tmp/ayelland/ccDmTvKm.s
GNU assembler version 2.32 (x86_64-unknown-linux-gnu) using BFD version (GNU Binutils) 2.32
COMPILER_PATH=/cvmfs/sft.cern.ch/lcg/releases/gcc/10.3.0-f5826/x86_64-centos7/bin/../libexec/gcc/x86_64-pc-linux-gnu/10.3.0/:/cvmfs/sft.cern.ch/lcg/releases/gcc/10.3.0-f5826/x86_64-centos7/bin/../libexec/gcc/:/cvmfs/sft.cern.ch/lcg/releases/gcc/10.3.0-f5826/x86_64-centos7/
LIBRARY_PATH=/cvmfs/sft.cern.ch/lcg/releases/gcc/10.3.0-f5826/x86_64-centos7/bin/../lib/gcc/x86_64-pc-linux-gnu/10.3.0/:/cvmfs/sft.cern.ch/lcg/releases/gcc/10.3.0-f5826/x86_64-centos7/bin/../lib/gcc/:/cvmfs/sft.cern.ch/lcg/releases/gcc/10.3.0-f5826/x86_64-centos7/bin/../lib/gcc/x86_64-pc-linux-gnu/10.3.0/../../../../lib64/:/lib/../lib64/:/usr/lib/../lib64/:/cvmfs/sft.cern.ch/lcg/releases/gcc/10.3.0-f5826/x86_64-centos7/bin/../lib/gcc/x86_64-pc-linux-gnu/10.3.0/../../../:/lib/:/usr/lib/
COLLECT_GCC_OPTIONS='-v' '-o' 'CMakeFiles/cmTC_7e6df.dir/CMakeCXXCompilerABI.cpp.o' '-c' '-shared-libgcc' '-mtune=generic' '-march=x86-64'
Linking CXX executable cmTC_7e6df
/cvmfs/cms.cern.ch/slc7_amd64_gcc10/external/cmake/3.17.2/bin/cmake -E cmake_link_script CMakeFiles/cmTC_7e6df.dir/link.txt --verbose=1
/cvmfs/sft.cern.ch/lcg/releases/gcc/10.3.0-f5826/x86_64-centos7/bin/g++      -v CMakeFiles/cmTC_7e6df.dir/CMakeCXXCompilerABI.cpp.o  -o cmTC_7e6df 
Using built-in specs.
COLLECT_GCC=/cvmfs/sft.cern.ch/lcg/releases/gcc/10.3.0-f5826/x86_64-centos7/bin/g++
COLLECT_LTO_WRAPPER=/cvmfs/sft.cern.ch/lcg/releases/gcc/10.3.0-f5826/x86_64-centos7/bin/../libexec/gcc/x86_64-pc-linux-gnu/10.3.0/lto-wrapper
Target: x86_64-pc-linux-gnu
Configured with: /build/dkonst/gcc-clang/build/contrib/gcc-10.3.0/src/gcc/10.3.0/configure --prefix=/build/dkonst/gcc-clang/lcgcmake-install/gcc/10.3.0/x86_64-centos7 -with-system-zlib --disable-multilib --enable-languages=all --with-gnu-ld --with-gnu-as
Thread model: posix
Supported LTO compression algorithms: zlib
gcc version 10.3.0 (GCC) 
COMPILER_PATH=/cvmfs/sft.cern.ch/lcg/releases/gcc/10.3.0-f5826/x86_64-centos7/bin/../libexec/gcc/x86_64-pc-linux-gnu/10.3.0/:/cvmfs/sft.cern.ch/lcg/releases/gcc/10.3.0-f5826/x86_64-centos7/bin/../libexec/gcc/:/cvmfs/sft.cern.ch/lcg/releases/gcc/10.3.0-f5826/x86_64-centos7/
LIBRARY_PATH=/cvmfs/sft.cern.ch/lcg/releases/gcc/10.3.0-f5826/x86_64-centos7/bin/../lib/gcc/x86_64-pc-linux-gnu/10.3.0/:/cvmfs/sft.cern.ch/lcg/releases/gcc/10.3.0-f5826/x86_64-centos7/bin/../lib/gcc/:/cvmfs/sft.cern.ch/lcg/releases/gcc/10.3.0-f5826/x86_64-centos7/bin/../lib/gcc/x86_64-pc-linux-gnu/10.3.0/../../../../lib64/:/lib/../lib64/:/usr/lib/../lib64/:/cvmfs/sft.cern.ch/lcg/releases/gcc/10.3.0-f5826/x86_64-centos7/bin/../lib/gcc/x86_64-pc-linux-gnu/10.3.0/../../../:/lib/:/usr/lib/
COLLECT_GCC_OPTIONS='-v' '-o' 'cmTC_7e6df' '-shared-libgcc' '-mtune=generic' '-march=x86-64'
 /cvmfs/sft.cern.ch/lcg/releases/gcc/10.3.0-f5826/x86_64-centos7/bin/../libexec/gcc/x86_64-pc-linux-gnu/10.3.0/collect2 -plugin /cvmfs/sft.cern.ch/lcg/releases/gcc/10.3.0-f5826/x86_64-centos7/bin/../libexec/gcc/x86_64-pc-linux-gnu/10.3.0/liblto_plugin.so -plugin-opt=/cvmfs/sft.cern.ch/lcg/releases/gcc/10.3.0-f5826/x86_64-centos7/bin/../libexec/gcc/x86_64-pc-linux-gnu/10.3.0/lto-wrapper -plugin-opt=-fresolution=/tmp/ayelland/ccoC4Frr.res -plugin-opt=-pass-through=-lgcc_s -plugin-opt=-pass-through=-lgcc -plugin-opt=-pass-through=-lc -plugin-opt=-pass-through=-lgcc_s -plugin-opt=-pass-through=-lgcc --eh-frame-hdr -m elf_x86_64 -dynamic-linker /lib64/ld-linux-x86-64.so.2 -o cmTC_7e6df /lib/../lib64/crt1.o /lib/../lib64/crti.o /cvmfs/sft.cern.ch/lcg/releases/gcc/10.3.0-f5826/x86_64-centos7/bin/../lib/gcc/x86_64-pc-linux-gnu/10.3.0/crtbegin.o -L/cvmfs/sft.cern.ch/lcg/releases/gcc/10.3.0-f5826/x86_64-centos7/bin/../lib/gcc/x86_64-pc-linux-gnu/10.3.0 -L/cvmfs/sft.cern.ch/lcg/releases/gcc/10.3.0-f5826/x86_64-centos7/bin/../lib/gcc -L/cvmfs/sft.cern.ch/lcg/releases/gcc/10.3.0-f5826/x86_64-centos7/bin/../lib/gcc/x86_64-pc-linux-gnu/10.3.0/../../../../lib64 -L/lib/../lib64 -L/usr/lib/../lib64 -L/cvmfs/sft.cern.ch/lcg/releases/gcc/10.3.0-f5826/x86_64-centos7/bin/../lib/gcc/x86_64-pc-linux-gnu/10.3.0/../../.. CMakeFiles/cmTC_7e6df.dir/CMakeCXXCompilerABI.cpp.o -lstdc++ -lm -lgcc_s -lgcc -lc -lgcc_s -lgcc /cvmfs/sft.cern.ch/lcg/releases/gcc/10.3.0-f5826/x86_64-centos7/bin/../lib/gcc/x86_64-pc-linux-gnu/10.3.0/crtend.o /lib/../lib64/crtn.o
COLLECT_GCC_OPTIONS='-v' '-o' 'cmTC_7e6df' '-shared-libgcc' '-mtune=generic' '-march=x86-64'
gmake[1]: Leaving directory `/afs/cern.ch/user/a/ayelland/public/geant4/G4ParticleTracking_v1.0/build/CMakeFiles/CMakeTmp'



Parsed CXX implicit include dir info from above output: rv=done
  found start of include info
  found start of implicit include info
    add: [/cvmfs/sft.cern.ch/lcg/releases/gcc/10.3.0-f5826/x86_64-centos7/include]
    add: [/cvmfs/sft.cern.ch/lcg/releases/gcc/10.3.0-f5826/x86_64-centos7/bin/../lib/gcc/x86_64-pc-linux-gnu/10.3.0/../../../../include/c++/10.3.0]
    add: [/cvmfs/sft.cern.ch/lcg/releases/gcc/10.3.0-f5826/x86_64-centos7/bin/../lib/gcc/x86_64-pc-linux-gnu/10.3.0/../../../../include/c++/10.3.0/x86_64-pc-linux-gnu]
    add: [/cvmfs/sft.cern.ch/lcg/releases/gcc/10.3.0-f5826/x86_64-centos7/bin/../lib/gcc/x86_64-pc-linux-gnu/10.3.0/../../../../include/c++/10.3.0/backward]
    add: [/cvmfs/sft.cern.ch/lcg/releases/gcc/10.3.0-f5826/x86_64-centos7/bin/../lib/gcc/x86_64-pc-linux-gnu/10.3.0/include]
    add: [/cvmfs/sft.cern.ch/lcg/releases/gcc/10.3.0-f5826/x86_64-centos7/bin/../lib/gcc/x86_64-pc-linux-gnu/10.3.0/include-fixed]
    add: [/usr/local/include]
    add: [/usr/include]
  end of search list found
  collapse include dir [/cvmfs/sft.cern.ch/lcg/releases/gcc/10.3.0-f5826/x86_64-centos7/include] ==> [/cvmfs/sft.cern.ch/lcg/releases/gcc/10.3.0-f5826/x86_64-centos7/include]
  collapse include dir [/cvmfs/sft.cern.ch/lcg/releases/gcc/10.3.0-f5826/x86_64-centos7/bin/../lib/gcc/x86_64-pc-linux-gnu/10.3.0/../../../../include/c++/10.3.0] ==> [/cvmfs/sft.cern.ch/lcg/releases/gcc/10.3.0-f5826/x86_64-centos7/include/c++/10.3.0]
  collapse include dir [/cvmfs/sft.cern.ch/lcg/releases/gcc/10.3.0-f5826/x86_64-centos7/bin/../lib/gcc/x86_64-pc-linux-gnu/10.3.0/../../../../include/c++/10.3.0/x86_64-pc-linux-gnu] ==> [/cvmfs/sft.cern.ch/lcg/releases/gcc/10.3.0-f5826/x86_64-centos7/include/c++/10.3.0/x86_64-pc-linux-gnu]
  collapse include dir [/cvmfs/sft.cern.ch/lcg/releases/gcc/10.3.0-f5826/x86_64-centos7/bin/../lib/gcc/x86_64-pc-linux-gnu/10.3.0/../../../../include/c++/10.3.0/backward] ==> [/cvmfs/sft.cern.ch/lcg/releases/gcc/10.3.0-f5826/x86_64-centos7/include/c++/10.3.0/backward]
  collapse include dir [/cvmfs/sft.cern.ch/lcg/releases/gcc/10.3.0-f5826/x86_64-centos7/bin/../lib/gcc/x86_64-pc-linux-gnu/10.3.0/include] ==> [/cvmfs/sft.cern.ch/lcg/releases/gcc/10.3.0-f5826/x86_64-centos7/lib/gcc/x86_64-pc-linux-gnu/10.3.0/include]
  collapse include dir [/cvmfs/sft.cern.ch/lcg/releases/gcc/10.3.0-f5826/x86_64-centos7/bin/../lib/gcc/x86_64-pc-linux-gnu/10.3.0/include-fixed] ==> [/cvmfs/sft.cern.ch/lcg/releases/gcc/10.3.0-f5826/x86_64-centos7/lib/gcc/x86_64-pc-linux-gnu/10.3.0/include-fixed]
  collapse include dir [/usr/local/include] ==> [/usr/local/include]
  collapse include dir [/usr/include] ==> [/usr/include]
  implicit include dirs: [/cvmfs/sft.cern.ch/lcg/releases/gcc/10.3.0-f5826/x86_64-centos7/include;/cvmfs/sft.cern.ch/lcg/releases/gcc/10.3.0-f5826/x86_64-centos7/include/c++/10.3.0;/cvmfs/sft.cern.ch/lcg/releases/gcc/10.3.0-f5826/x86_64-centos7/include/c++/10.3.0/x86_64-pc-linux-gnu;/cvmfs/sft.cern.ch/lcg/releases/gcc/10.3.0-f5826/x86_64-centos7/include/c++/10.3.0/backward;/cvmfs/sft.cern.ch/lcg/releases/gcc/10.3.0-f5826/x86_64-centos7/lib/gcc/x86_64-pc-linux-gnu/10.3.0/include;/cvmfs/sft.cern.ch/lcg/releases/gcc/10.3.0-f5826/x86_64-centos7/lib/gcc/x86_64-pc-linux-gnu/10.3.0/include-fixed;/usr/local/include;/usr/include]


Parsed CXX implicit link information from above output:
  link line regex: [^( *|.*[/\])(ld|CMAKE_LINK_STARTFILE-NOTFOUND|([^/\]+-)?ld|collect2)[^/\]*( |$)]
  ignore line: [Change Dir: /afs/cern.ch/user/a/ayelland/public/geant4/G4ParticleTracking_v1.0/build/CMakeFiles/CMakeTmp]
  ignore line: []
  ignore line: [Run Build Command(s):/usr/bin/gmake cmTC_7e6df/fast && /usr/bin/gmake  -f CMakeFiles/cmTC_7e6df.dir/build.make CMakeFiles/cmTC_7e6df.dir/build]
  ignore line: [gmake[1]: Entering directory `/afs/cern.ch/user/a/ayelland/public/geant4/G4ParticleTracking_v1.0/build/CMakeFiles/CMakeTmp']
  ignore line: [Building CXX object CMakeFiles/cmTC_7e6df.dir/CMakeCXXCompilerABI.cpp.o]
  ignore line: [/cvmfs/sft.cern.ch/lcg/releases/gcc/10.3.0-f5826/x86_64-centos7/bin/g++    -v -o CMakeFiles/cmTC_7e6df.dir/CMakeCXXCompilerABI.cpp.o -c /cvmfs/cms.cern.ch/slc7_amd64_gcc10/external/cmake/3.17.2/share/cmake-3.17/Modules/CMakeCXXCompilerABI.cpp]
  ignore line: [Using built-in specs.]
  ignore line: [COLLECT_GCC=/cvmfs/sft.cern.ch/lcg/releases/gcc/10.3.0-f5826/x86_64-centos7/bin/g++]
  ignore line: [Target: x86_64-pc-linux-gnu]
  ignore line: [Configured with: /build/dkonst/gcc-clang/build/contrib/gcc-10.3.0/src/gcc/10.3.0/configure --prefix=/build/dkonst/gcc-clang/lcgcmake-install/gcc/10.3.0/x86_64-centos7 -with-system-zlib --disable-multilib --enable-languages=all --with-gnu-ld --with-gnu-as]
  ignore line: [Thread model: posix]
  ignore line: [Supported LTO compression algorithms: zlib]
  ignore line: [gcc version 10.3.0 (GCC) ]
  ignore line: [COLLECT_GCC_OPTIONS='-v' '-o' 'CMakeFiles/cmTC_7e6df.dir/CMakeCXXCompilerABI.cpp.o' '-c' '-shared-libgcc' '-mtune=generic' '-march=x86-64']
  ignore line: [ /cvmfs/sft.cern.ch/lcg/releases/gcc/10.3.0-f5826/x86_64-centos7/bin/../libexec/gcc/x86_64-pc-linux-gnu/10.3.0/cc1plus -quiet -v -iprefix /cvmfs/sft.cern.ch/lcg/releases/gcc/10.3.0-f5826/x86_64-centos7/bin/../lib/gcc/x86_64-pc-linux-gnu/10.3.0/ -isystem /cvmfs/sft.cern.ch/lcg/releases/gcc/10.3.0-f5826/x86_64-centos7/include -D_GNU_SOURCE /cvmfs/cms.cern.ch/slc7_amd64_gcc10/external/cmake/3.17.2/share/cmake-3.17/Modules/CMakeCXXCompilerABI.cpp -quiet -dumpbase CMakeCXXCompilerABI.cpp -mtune=generic -march=x86-64 -auxbase-strip CMakeFiles/cmTC_7e6df.dir/CMakeCXXCompilerABI.cpp.o -version -o /tmp/ayelland/ccDmTvKm.s]
  ignore line: [GNU C++14 (GCC) version 10.3.0 (x86_64-pc-linux-gnu)]
  ignore line: [	compiled by GNU C version 10.3.0  GMP version 6.1.0  MPFR version 3.1.4  MPC version 1.0.3  isl version isl-0.18-GMP]
  ignore line: []
  ignore line: [GGC heuristics: --param ggc-min-expand=100 --param ggc-min-heapsize=131072]
  ignore line: [ignoring nonexistent directory "/cvmfs/sft.cern.ch/lcg/releases/gcc/10.3.0-f5826/x86_64-centos7/bin/../lib/gcc/x86_64-pc-linux-gnu/10.3.0/../../../../x86_64-pc-linux-gnu/include"]
  ignore line: [ignoring duplicate directory "/cvmfs/sft.cern.ch/lcg/releases/gcc/10.3.0-f5826/x86_64-centos7/bin/../lib/gcc/../../lib/gcc/x86_64-pc-linux-gnu/10.3.0/../../../../include/c++/10.3.0"]
  ignore line: [ignoring duplicate directory "/cvmfs/sft.cern.ch/lcg/releases/gcc/10.3.0-f5826/x86_64-centos7/bin/../lib/gcc/../../lib/gcc/x86_64-pc-linux-gnu/10.3.0/../../../../include/c++/10.3.0/x86_64-pc-linux-gnu"]
  ignore line: [ignoring duplicate directory "/cvmfs/sft.cern.ch/lcg/releases/gcc/10.3.0-f5826/x86_64-centos7/bin/../lib/gcc/../../lib/gcc/x86_64-pc-linux-gnu/10.3.0/../../../../include/c++/10.3.0/backward"]
  ignore line: [ignoring duplicate directory "/cvmfs/sft.cern.ch/lcg/releases/gcc/10.3.0-f5826/x86_64-centos7/bin/../lib/gcc/../../lib/gcc/x86_64-pc-linux-gnu/10.3.0/include"]
  ignore line: [ignoring duplicate directory "/cvmfs/sft.cern.ch/lcg/releases/gcc/10.3.0-f5826/x86_64-centos7/bin/../lib/gcc/../../include"]
  ignore line: [ignoring duplicate directory "/cvmfs/sft.cern.ch/lcg/releases/gcc/10.3.0-f5826/x86_64-centos7/bin/../lib/gcc/../../lib/gcc/x86_64-pc-linux-gnu/10.3.0/include-fixed"]
  ignore line: [ignoring nonexistent directory "/cvmfs/sft.cern.ch/lcg/releases/gcc/10.3.0-f5826/x86_64-centos7/bin/../lib/gcc/../../lib/gcc/x86_64-pc-linux-gnu/10.3.0/../../../../x86_64-pc-linux-gnu/include"]
  ignore line: [#include "..." search starts here:]
  ignore line: [#include <...> search starts here:]
  ignore line: [ /cvmfs/sft.cern.ch/lcg/releases/gcc/10.3.0-f5826/x86_64-centos7/include]
  ignore line: [ /cvmfs/sft.cern.ch/lcg/releases/gcc/10.3.0-f5826/x86_64-centos7/bin/../lib/gcc/x86_64-pc-linux-gnu/10.3.0/../../../../include/c++/10.3.0]
  ignore line: [ /cvmfs/sft.cern.ch/lcg/releases/gcc/10.3.0-f5826/x86_64-centos7/bin/../lib/gcc/x86_64-pc-linux-gnu/10.3.0/../../../../include/c++/10.3.0/x86_64-pc-linux-gnu]
  ignore line: [ /cvmfs/sft.cern.ch/lcg/releases/gcc/10.3.0-f5826/x86_64-centos7/bin/../lib/gcc/x86_64-pc-linux-gnu/10.3.0/../../../../include/c++/10.3.0/backward]
  ignore line: [ /cvmfs/sft.cern.ch/lcg/releases/gcc/10.3.0-f5826/x86_64-centos7/bin/../lib/gcc/x86_64-pc-linux-gnu/10.3.0/include]
  ignore line: [ /cvmfs/sft.cern.ch/lcg/releases/gcc/10.3.0-f5826/x86_64-centos7/bin/../lib/gcc/x86_64-pc-linux-gnu/10.3.0/include-fixed]
  ignore line: [ /usr/local/include]
  ignore line: [ /usr/include]
  ignore line: [End of search list.]
  ignore line: [GNU C++14 (GCC) version 10.3.0 (x86_64-pc-linux-gnu)]
  ignore line: [	compiled by GNU C version 10.3.0  GMP version 6.1.0  MPFR version 3.1.4  MPC version 1.0.3  isl version isl-0.18-GMP]
  ignore line: []
  ignore line: [GGC heuristics: --param ggc-min-expand=100 --param ggc-min-heapsize=131072]
  ignore line: [Compiler executable checksum: 1d3c435fb053d473c96b1ed9cb976a66]
  ignore line: [COLLECT_GCC_OPTIONS='-v' '-o' 'CMakeFiles/cmTC_7e6df.dir/CMakeCXXCompilerABI.cpp.o' '-c' '-shared-libgcc' '-mtune=generic' '-march=x86-64']
  ignore line: [ as -v --64 -o CMakeFiles/cmTC_7e6df.dir/CMakeCXXCompilerABI.cpp.o /tmp/ayelland/ccDmTvKm.s]
  ignore line: [GNU assembler version 2.32 (x86_64-unknown-linux-gnu) using BFD version (GNU Binutils) 2.32]
  ignore line: [COMPILER_PATH=/cvmfs/sft.cern.ch/lcg/releases/gcc/10.3.0-f5826/x86_64-centos7/bin/../libexec/gcc/x86_64-pc-linux-gnu/10.3.0/:/cvmfs/sft.cern.ch/lcg/releases/gcc/10.3.0-f5826/x86_64-centos7/bin/../libexec/gcc/:/cvmfs/sft.cern.ch/lcg/releases/gcc/10.3.0-f5826/x86_64-centos7/]
  ignore line: [LIBRARY_PATH=/cvmfs/sft.cern.ch/lcg/releases/gcc/10.3.0-f5826/x86_64-centos7/bin/../lib/gcc/x86_64-pc-linux-gnu/10.3.0/:/cvmfs/sft.cern.ch/lcg/releases/gcc/10.3.0-f5826/x86_64-centos7/bin/../lib/gcc/:/cvmfs/sft.cern.ch/lcg/releases/gcc/10.3.0-f5826/x86_64-centos7/bin/../lib/gcc/x86_64-pc-linux-gnu/10.3.0/../../../../lib64/:/lib/../lib64/:/usr/lib/../lib64/:/cvmfs/sft.cern.ch/lcg/releases/gcc/10.3.0-f5826/x86_64-centos7/bin/../lib/gcc/x86_64-pc-linux-gnu/10.3.0/../../../:/lib/:/usr/lib/]
  ignore line: [COLLECT_GCC_OPTIONS='-v' '-o' 'CMakeFiles/cmTC_7e6df.dir/CMakeCXXCompilerABI.cpp.o' '-c' '-shared-libgcc' '-mtune=generic' '-march=x86-64']
  ignore line: [Linking CXX executable cmTC_7e6df]
  ignore line: [/cvmfs/cms.cern.ch/slc7_amd64_gcc10/external/cmake/3.17.2/bin/cmake -E cmake_link_script CMakeFiles/cmTC_7e6df.dir/link.txt --verbose=1]
  ignore line: [/cvmfs/sft.cern.ch/lcg/releases/gcc/10.3.0-f5826/x86_64-centos7/bin/g++      -v CMakeFiles/cmTC_7e6df.dir/CMakeCXXCompilerABI.cpp.o  -o cmTC_7e6df ]
  ignore line: [Using built-in specs.]
  ignore line: [COLLECT_GCC=/cvmfs/sft.cern.ch/lcg/releases/gcc/10.3.0-f5826/x86_64-centos7/bin/g++]
  ignore line: [COLLECT_LTO_WRAPPER=/cvmfs/sft.cern.ch/lcg/releases/gcc/10.3.0-f5826/x86_64-centos7/bin/../libexec/gcc/x86_64-pc-linux-gnu/10.3.0/lto-wrapper]
  ignore line: [Target: x86_64-pc-linux-gnu]
  ignore line: [Configured with: /build/dkonst/gcc-clang/build/contrib/gcc-10.3.0/src/gcc/10.3.0/configure --prefix=/build/dkonst/gcc-clang/lcgcmake-install/gcc/10.3.0/x86_64-centos7 -with-system-zlib --disable-multilib --enable-languages=all --with-gnu-ld --with-gnu-as]
  ignore line: [Thread model: posix]
  ignore line: [Supported LTO compression algorithms: zlib]
  ignore line: [gcc version 10.3.0 (GCC) ]
  ignore line: [COMPILER_PATH=/cvmfs/sft.cern.ch/lcg/releases/gcc/10.3.0-f5826/x86_64-centos7/bin/../libexec/gcc/x86_64-pc-linux-gnu/10.3.0/:/cvmfs/sft.cern.ch/lcg/releases/gcc/10.3.0-f5826/x86_64-centos7/bin/../libexec/gcc/:/cvmfs/sft.cern.ch/lcg/releases/gcc/10.3.0-f5826/x86_64-centos7/]
  ignore line: [LIBRARY_PATH=/cvmfs/sft.cern.ch/lcg/releases/gcc/10.3.0-f5826/x86_64-centos7/bin/../lib/gcc/x86_64-pc-linux-gnu/10.3.0/:/cvmfs/sft.cern.ch/lcg/releases/gcc/10.3.0-f5826/x86_64-centos7/bin/../lib/gcc/:/cvmfs/sft.cern.ch/lcg/releases/gcc/10.3.0-f5826/x86_64-centos7/bin/../lib/gcc/x86_64-pc-linux-gnu/10.3.0/../../../../lib64/:/lib/../lib64/:/usr/lib/../lib64/:/cvmfs/sft.cern.ch/lcg/releases/gcc/10.3.0-f5826/x86_64-centos7/bin/../lib/gcc/x86_64-pc-linux-gnu/10.3.0/../../../:/lib/:/usr/lib/]
  ignore line: [COLLECT_GCC_OPTIONS='-v' '-o' 'cmTC_7e6df' '-shared-libgcc' '-mtune=generic' '-march=x86-64']
  link line: [ /cvmfs/sft.cern.ch/lcg/releases/gcc/10.3.0-f5826/x86_64-centos7/bin/../libexec/gcc/x86_64-pc-linux-gnu/10.3.0/collect2 -plugin /cvmfs/sft.cern.ch/lcg/releases/gcc/10.3.0-f5826/x86_64-centos7/bin/../libexec/gcc/x86_64-pc-linux-gnu/10.3.0/liblto_plugin.so -plugin-opt=/cvmfs/sft.cern.ch/lcg/releases/gcc/10.3.0-f5826/x86_64-centos7/bin/../libexec/gcc/x86_64-pc-linux-gnu/10.3.0/lto-wrapper -plugin-opt=-fresolution=/tmp/ayelland/ccoC4Frr.res -plugin-opt=-pass-through=-lgcc_s -plugin-opt=-pass-through=-lgcc -plugin-opt=-pass-through=-lc -plugin-opt=-pass-through=-lgcc_s -plugin-opt=-pass-through=-lgcc --eh-frame-hdr -m elf_x86_64 -dynamic-linker /lib64/ld-linux-x86-64.so.2 -o cmTC_7e6df /lib/../lib64/crt1.o /lib/../lib64/crti.o /cvmfs/sft.cern.ch/lcg/releases/gcc/10.3.0-f5826/x86_64-centos7/bin/../lib/gcc/x86_64-pc-linux-gnu/10.3.0/crtbegin.o -L/cvmfs/sft.cern.ch/lcg/releases/gcc/10.3.0-f5826/x86_64-centos7/bin/../lib/gcc/x86_64-pc-linux-gnu/10.3.0 -L/cvmfs/sft.cern.ch/lcg/releases/gcc/10.3.0-f5826/x86_64-centos7/bin/../lib/gcc -L/cvmfs/sft.cern.ch/lcg/releases/gcc/10.3.0-f5826/x86_64-centos7/bin/../lib/gcc/x86_64-pc-linux-gnu/10.3.0/../../../../lib64 -L/lib/../lib64 -L/usr/lib/../lib64 -L/cvmfs/sft.cern.ch/lcg/releases/gcc/10.3.0-f5826/x86_64-centos7/bin/../lib/gcc/x86_64-pc-linux-gnu/10.3.0/../../.. CMakeFiles/cmTC_7e6df.dir/CMakeCXXCompilerABI.cpp.o -lstdc++ -lm -lgcc_s -lgcc -lc -lgcc_s -lgcc /cvmfs/sft.cern.ch/lcg/releases/gcc/10.3.0-f5826/x86_64-centos7/bin/../lib/gcc/x86_64-pc-linux-gnu/10.3.0/crtend.o /lib/../lib64/crtn.o]
    arg [/cvmfs/sft.cern.ch/lcg/releases/gcc/10.3.0-f5826/x86_64-centos7/bin/../libexec/gcc/x86_64-pc-linux-gnu/10.3.0/collect2] ==> ignore
    arg [-plugin] ==> ignore
    arg [/cvmfs/sft.cern.ch/lcg/releases/gcc/10.3.0-f5826/x86_64-centos7/bin/../libexec/gcc/x86_64-pc-linux-gnu/10.3.0/liblto_plugin.so] ==> ignore
    arg [-plugin-opt=/cvmfs/sft.cern.ch/lcg/releases/gcc/10.3.0-f5826/x86_64-centos7/bin/../libexec/gcc/x86_64-pc-linux-gnu/10.3.0/lto-wrapper] ==> ignore
    arg [-plugin-opt=-fresolution=/tmp/ayelland/ccoC4Frr.res] ==> ignore
    arg [-plugin-opt=-pass-through=-lgcc_s] ==> ignore
    arg [-plugin-opt=-pass-through=-lgcc] ==> ignore
    arg [-plugin-opt=-pass-through=-lc] ==> ignore
    arg [-plugin-opt=-pass-through=-lgcc_s] ==> ignore
    arg [-plugin-opt=-pass-through=-lgcc] ==> ignore
    arg [--eh-frame-hdr] ==> ignore
    arg [-m] ==> ignore
    arg [elf_x86_64] ==> ignore
    arg [-dynamic-linker] ==> ignore
    arg [/lib64/ld-linux-x86-64.so.2] ==> ignore
    arg [-o] ==> ignore
    arg [cmTC_7e6df] ==> ignore
    arg [/lib/../lib64/crt1.o] ==> ignore
    arg [/lib/../lib64/crti.o] ==> ignore
    arg [/cvmfs/sft.cern.ch/lcg/releases/gcc/10.3.0-f5826/x86_64-centos7/bin/../lib/gcc/x86_64-pc-linux-gnu/10.3.0/crtbegin.o] ==> ignore
    arg [-L/cvmfs/sft.cern.ch/lcg/releases/gcc/10.3.0-f5826/x86_64-centos7/bin/../lib/gcc/x86_64-pc-linux-gnu/10.3.0] ==> dir [/cvmfs/sft.cern.ch/lcg/releases/gcc/10.3.0-f5826/x86_64-centos7/bin/../lib/gcc/x86_64-pc-linux-gnu/10.3.0]
    arg [-L/cvmfs/sft.cern.ch/lcg/releases/gcc/10.3.0-f5826/x86_64-centos7/bin/../lib/gcc] ==> dir [/cvmfs/sft.cern.ch/lcg/releases/gcc/10.3.0-f5826/x86_64-centos7/bin/../lib/gcc]
    arg [-L/cvmfs/sft.cern.ch/lcg/releases/gcc/10.3.0-f5826/x86_64-centos7/bin/../lib/gcc/x86_64-pc-linux-gnu/10.3.0/../../../../lib64] ==> dir [/cvmfs/sft.cern.ch/lcg/releases/gcc/10.3.0-f5826/x86_64-centos7/bin/../lib/gcc/x86_64-pc-linux-gnu/10.3.0/../../../../lib64]
    arg [-L/lib/../lib64] ==> dir [/lib/../lib64]
    arg [-L/usr/lib/../lib64] ==> dir [/usr/lib/../lib64]
    arg [-L/cvmfs/sft.cern.ch/lcg/releases/gcc/10.3.0-f5826/x86_64-centos7/bin/../lib/gcc/x86_64-pc-linux-gnu/10.3.0/../../..] ==> dir [/cvmfs/sft.cern.ch/lcg/releases/gcc/10.3.0-f5826/x86_64-centos7/bin/../lib/gcc/x86_64-pc-linux-gnu/10.3.0/../../..]
    arg [CMakeFiles/cmTC_7e6df.dir/CMakeCXXCompilerABI.cpp.o] ==> ignore
    arg [-lstdc++] ==> lib [stdc++]
    arg [-lm] ==> lib [m]
    arg [-lgcc_s] ==> lib [gcc_s]
    arg [-lgcc] ==> lib [gcc]
    arg [-lc] ==> lib [c]
    arg [-lgcc_s] ==> lib [gcc_s]
    arg [-lgcc] ==> lib [gcc]
    arg [/cvmfs/sft.cern.ch/lcg/releases/gcc/10.3.0-f5826/x86_64-centos7/bin/../lib/gcc/x86_64-pc-linux-gnu/10.3.0/crtend.o] ==> ignore
    arg [/lib/../lib64/crtn.o] ==> ignore
  collapse library dir [/cvmfs/sft.cern.ch/lcg/releases/gcc/10.3.0-f5826/x86_64-centos7/bin/../lib/gcc/x86_64-pc-linux-gnu/10.3.0] ==> [/cvmfs/sft.cern.ch/lcg/releases/gcc/10.3.0-f5826/x86_64-centos7/lib/gcc/x86_64-pc-linux-gnu/10.3.0]
  collapse library dir [/cvmfs/sft.cern.ch/lcg/releases/gcc/10.3.0-f5826/x86_64-centos7/bin/../lib/gcc] ==> [/cvmfs/sft.cern.ch/lcg/releases/gcc/10.3.0-f5826/x86_64-centos7/lib/gcc]
  collapse library dir [/cvmfs/sft.cern.ch/lcg/releases/gcc/10.3.0-f5826/x86_64-centos7/bin/../lib/gcc/x86_64-pc-linux-gnu/10.3.0/../../../../lib64] ==> [/cvmfs/sft.cern.ch/lcg/releases/gcc/10.3.0-f5826/x86_64-centos7/lib64]
  collapse library dir [/lib/../lib64] ==> [/lib64]
  collapse library dir [/usr/lib/../lib64] ==> [/usr/lib64]
  collapse library dir [/cvmfs/sft.cern.ch/lcg/releases/gcc/10.3.0-f5826/x86_64-centos7/bin/../lib/gcc/x86_64-pc-linux-gnu/10.3.0/../../..] ==> [/cvmfs/sft.cern.ch/lcg/releases/gcc/10.3.0-f5826/x86_64-centos7/lib]
  implicit libs: [stdc++;m;gcc_s;gcc;c;gcc_s;gcc]
  implicit dirs: [/cvmfs/sft.cern.ch/lcg/releases/gcc/10.3.0-f5826/x86_64-centos7/lib/gcc/x86_64-pc-linux-gnu/10.3.0;/cvmfs/sft.cern.ch/lcg/releases/gcc/10.3.0-f5826/x86_64-centos7/lib/gcc;/cvmfs/sft.cern.ch/lcg/releases/gcc/10.3.0-f5826/x86_64-centos7/lib64;/lib64;/usr/lib64;/cvmfs/sft.cern.ch/lcg/releases/gcc/10.3.0-f5826/x86_64-centos7/lib]
  implicit fwks: []


Determining if the include file pthread.h exists passed with the following output:
Change Dir: /afs/cern.ch/user/a/ayelland/public/geant4/G4ParticleTracking_v1.0/build/CMakeFiles/CMakeTmp

Run Build Command(s):/usr/bin/gmake cmTC_cc876/fast && /usr/bin/gmake  -f CMakeFiles/cmTC_cc876.dir/build.make CMakeFiles/cmTC_cc876.dir/build
gmake[1]: Entering directory `/afs/cern.ch/user/a/ayelland/public/geant4/G4ParticleTracking_v1.0/build/CMakeFiles/CMakeTmp'
Building C object CMakeFiles/cmTC_cc876.dir/CheckIncludeFile.c.o
/cvmfs/sft.cern.ch/lcg/releases/gcc/10.3.0-f5826/x86_64-centos7/bin/gcc    -o CMakeFiles/cmTC_cc876.dir/CheckIncludeFile.c.o   -c /afs/cern.ch/user/a/ayelland/public/geant4/G4ParticleTracking_v1.0/build/CMakeFiles/CMakeTmp/CheckIncludeFile.c
Linking C executable cmTC_cc876
/cvmfs/cms.cern.ch/slc7_amd64_gcc10/external/cmake/3.17.2/bin/cmake -E cmake_link_script CMakeFiles/cmTC_cc876.dir/link.txt --verbose=1
/cvmfs/sft.cern.ch/lcg/releases/gcc/10.3.0-f5826/x86_64-centos7/bin/gcc      CMakeFiles/cmTC_cc876.dir/CheckIncludeFile.c.o  -o cmTC_cc876 
gmake[1]: Leaving directory `/afs/cern.ch/user/a/ayelland/public/geant4/G4ParticleTracking_v1.0/build/CMakeFiles/CMakeTmp'



Determining if the H5_HAVE_THREADSAFE exist passed with the following output:
Change Dir: /afs/cern.ch/user/a/ayelland/public/geant4/G4ParticleTracking_v1.0/build/CMakeFiles/CMakeTmp

Run Build Command(s):/usr/bin/gmake cmTC_5adc2/fast && /usr/bin/gmake  -f CMakeFiles/cmTC_5adc2.dir/build.make CMakeFiles/cmTC_5adc2.dir/build
gmake[1]: Entering directory `/afs/cern.ch/user/a/ayelland/public/geant4/G4ParticleTracking_v1.0/build/CMakeFiles/CMakeTmp'
Building CXX object CMakeFiles/cmTC_5adc2.dir/CheckSymbolExists.cxx.o
/cvmfs/sft.cern.ch/lcg/releases/gcc/10.3.0-f5826/x86_64-centos7/bin/g++   -I/cvmfs/sft.cern.ch/lcg/releases/hdf5/1.12.2-9c138/x86_64-centos7-gcc10-opt/include -I/cvmfs/sft.cern.ch/lcg/releases/zlib/1.2.11-8af4c/x86_64-centos7-gcc10-opt/include   -o CMakeFiles/cmTC_5adc2.dir/CheckSymbolExists.cxx.o -c /afs/cern.ch/user/a/ayelland/public/geant4/G4ParticleTracking_v1.0/build/CMakeFiles/CMakeTmp/CheckSymbolExists.cxx
Linking CXX executable cmTC_5adc2
/cvmfs/cms.cern.ch/slc7_amd64_gcc10/external/cmake/3.17.2/bin/cmake -E cmake_link_script CMakeFiles/cmTC_5adc2.dir/link.txt --verbose=1
/cvmfs/sft.cern.ch/lcg/releases/gcc/10.3.0-f5826/x86_64-centos7/bin/g++       CMakeFiles/cmTC_5adc2.dir/CheckSymbolExists.cxx.o  -o cmTC_5adc2 
gmake[1]: Leaving directory `/afs/cern.ch/user/a/ayelland/public/geant4/G4ParticleTracking_v1.0/build/CMakeFiles/CMakeTmp'


File /afs/cern.ch/user/a/ayelland/public/geant4/G4ParticleTracking_v1.0/build/CMakeFiles/CMakeTmp/CheckSymbolExists.cxx:
/* */
#include <H5pubconf.h>

int main(int argc, char** argv)
{
  (void)argv;
#ifndef H5_HAVE_THREADSAFE
  return ((int*)(&H5_HAVE_THREADSAFE))[argc];
#else
  (void)argc;
  return 0;
#endif
}
Determining if the function XOpenDisplay exists in the /usr/lib64/libX11.so;/usr/lib64/libXext.so passed with the following output:
Change Dir: /afs/cern.ch/user/a/ayelland/public/geant4/G4ParticleTracking_v1.0/build/CMakeFiles/CMakeTmp

Run Build Command(s):/usr/bin/gmake cmTC_cbfeb/fast && /usr/bin/gmake  -f CMakeFiles/cmTC_cbfeb.dir/build.make CMakeFiles/cmTC_cbfeb.dir/build
gmake[1]: Entering directory `/afs/cern.ch/user/a/ayelland/public/geant4/G4ParticleTracking_v1.0/build/CMakeFiles/CMakeTmp'
Building C object CMakeFiles/cmTC_cbfeb.dir/CheckFunctionExists.c.o
/cvmfs/sft.cern.ch/lcg/releases/gcc/10.3.0-f5826/x86_64-centos7/bin/gcc   -DCHECK_FUNCTION_EXISTS=XOpenDisplay   -o CMakeFiles/cmTC_cbfeb.dir/CheckFunctionExists.c.o   -c /cvmfs/cms.cern.ch/slc7_amd64_gcc10/external/cmake/3.17.2/share/cmake-3.17/Modules/CheckFunctionExists.c
Linking C executable cmTC_cbfeb
/cvmfs/cms.cern.ch/slc7_amd64_gcc10/external/cmake/3.17.2/bin/cmake -E cmake_link_script CMakeFiles/cmTC_cbfeb.dir/link.txt --verbose=1
/cvmfs/sft.cern.ch/lcg/releases/gcc/10.3.0-f5826/x86_64-centos7/bin/gcc  -DCHECK_FUNCTION_EXISTS=XOpenDisplay    CMakeFiles/cmTC_cbfeb.dir/CheckFunctionExists.c.o  -o cmTC_cbfeb  /usr/lib64/libX11.so /usr/lib64/libXext.so 
gmake[1]: Leaving directory `/afs/cern.ch/user/a/ayelland/public/geant4/G4ParticleTracking_v1.0/build/CMakeFiles/CMakeTmp'



Determining if the function gethostbyname exists passed with the following output:
Change Dir: /afs/cern.ch/user/a/ayelland/public/geant4/G4ParticleTracking_v1.0/build/CMakeFiles/CMakeTmp

Run Build Command(s):/usr/bin/gmake cmTC_dedbd/fast && /usr/bin/gmake  -f CMakeFiles/cmTC_dedbd.dir/build.make CMakeFiles/cmTC_dedbd.dir/build
gmake[1]: Entering directory `/afs/cern.ch/user/a/ayelland/public/geant4/G4ParticleTracking_v1.0/build/CMakeFiles/CMakeTmp'
Building C object CMakeFiles/cmTC_dedbd.dir/CheckFunctionExists.c.o
/cvmfs/sft.cern.ch/lcg/releases/gcc/10.3.0-f5826/x86_64-centos7/bin/gcc   -DCHECK_FUNCTION_EXISTS=gethostbyname   -o CMakeFiles/cmTC_dedbd.dir/CheckFunctionExists.c.o   -c /cvmfs/cms.cern.ch/slc7_amd64_gcc10/external/cmake/3.17.2/share/cmake-3.17/Modules/CheckFunctionExists.c
Linking C executable cmTC_dedbd
/cvmfs/cms.cern.ch/slc7_amd64_gcc10/external/cmake/3.17.2/bin/cmake -E cmake_link_script CMakeFiles/cmTC_dedbd.dir/link.txt --verbose=1
/cvmfs/sft.cern.ch/lcg/releases/gcc/10.3.0-f5826/x86_64-centos7/bin/gcc  -DCHECK_FUNCTION_EXISTS=gethostbyname    CMakeFiles/cmTC_dedbd.dir/CheckFunctionExists.c.o  -o cmTC_dedbd 
gmake[1]: Leaving directory `/afs/cern.ch/user/a/ayelland/public/geant4/G4ParticleTracking_v1.0/build/CMakeFiles/CMakeTmp'



Determining if the function connect exists passed with the following output:
Change Dir: /afs/cern.ch/user/a/ayelland/public/geant4/G4ParticleTracking_v1.0/build/CMakeFiles/CMakeTmp

Run Build Command(s):/usr/bin/gmake cmTC_8d198/fast && /usr/bin/gmake  -f CMakeFiles/cmTC_8d198.dir/build.make CMakeFiles/cmTC_8d198.dir/build
gmake[1]: Entering directory `/afs/cern.ch/user/a/ayelland/public/geant4/G4ParticleTracking_v1.0/build/CMakeFiles/CMakeTmp'
Building C object CMakeFiles/cmTC_8d198.dir/CheckFunctionExists.c.o
/cvmfs/sft.cern.ch/lcg/releases/gcc/10.3.0-f5826/x86_64-centos7/bin/gcc   -DCHECK_FUNCTION_EXISTS=connect   -o CMakeFiles/cmTC_8d198.dir/CheckFunctionExists.c.o   -c /cvmfs/cms.cern.ch/slc7_amd64_gcc10/external/cmake/3.17.2/share/cmake-3.17/Modules/CheckFunctionExists.c
Linking C executable cmTC_8d198
/cvmfs/cms.cern.ch/slc7_amd64_gcc10/external/cmake/3.17.2/bin/cmake -E cmake_link_script CMakeFiles/cmTC_8d198.dir/link.txt --verbose=1
/cvmfs/sft.cern.ch/lcg/releases/gcc/10.3.0-f5826/x86_64-centos7/bin/gcc  -DCHECK_FUNCTION_EXISTS=connect    CMakeFiles/cmTC_8d198.dir/CheckFunctionExists.c.o  -o cmTC_8d198 
gmake[1]: Leaving directory `/afs/cern.ch/user/a/ayelland/public/geant4/G4ParticleTracking_v1.0/build/CMakeFiles/CMakeTmp'



Determining if the function remove exists passed with the following output:
Change Dir: /afs/cern.ch/user/a/ayelland/public/geant4/G4ParticleTracking_v1.0/build/CMakeFiles/CMakeTmp

Run Build Command(s):/usr/bin/gmake cmTC_5b893/fast && /usr/bin/gmake  -f CMakeFiles/cmTC_5b893.dir/build.make CMakeFiles/cmTC_5b893.dir/build
gmake[1]: Entering directory `/afs/cern.ch/user/a/ayelland/public/geant4/G4ParticleTracking_v1.0/build/CMakeFiles/CMakeTmp'
Building C object CMakeFiles/cmTC_5b893.dir/CheckFunctionExists.c.o
/cvmfs/sft.cern.ch/lcg/releases/gcc/10.3.0-f5826/x86_64-centos7/bin/gcc   -DCHECK_FUNCTION_EXISTS=remove   -o CMakeFiles/cmTC_5b893.dir/CheckFunctionExists.c.o   -c /cvmfs/cms.cern.ch/slc7_amd64_gcc10/external/cmake/3.17.2/share/cmake-3.17/Modules/CheckFunctionExists.c
Linking C executable cmTC_5b893
/cvmfs/cms.cern.ch/slc7_amd64_gcc10/external/cmake/3.17.2/bin/cmake -E cmake_link_script CMakeFiles/cmTC_5b893.dir/link.txt --verbose=1
/cvmfs/sft.cern.ch/lcg/releases/gcc/10.3.0-f5826/x86_64-centos7/bin/gcc  -DCHECK_FUNCTION_EXISTS=remove    CMakeFiles/cmTC_5b893.dir/CheckFunctionExists.c.o  -o cmTC_5b893 
gmake[1]: Leaving directory `/afs/cern.ch/user/a/ayelland/public/geant4/G4ParticleTracking_v1.0/build/CMakeFiles/CMakeTmp'



Determining if the function shmat exists passed with the following output:
Change Dir: /afs/cern.ch/user/a/ayelland/public/geant4/G4ParticleTracking_v1.0/build/CMakeFiles/CMakeTmp

Run Build Command(s):/usr/bin/gmake cmTC_83c8e/fast && /usr/bin/gmake  -f CMakeFiles/cmTC_83c8e.dir/build.make CMakeFiles/cmTC_83c8e.dir/build
gmake[1]: Entering directory `/afs/cern.ch/user/a/ayelland/public/geant4/G4ParticleTracking_v1.0/build/CMakeFiles/CMakeTmp'
Building C object CMakeFiles/cmTC_83c8e.dir/CheckFunctionExists.c.o
/cvmfs/sft.cern.ch/lcg/releases/gcc/10.3.0-f5826/x86_64-centos7/bin/gcc   -DCHECK_FUNCTION_EXISTS=shmat   -o CMakeFiles/cmTC_83c8e.dir/CheckFunctionExists.c.o   -c /cvmfs/cms.cern.ch/slc7_amd64_gcc10/external/cmake/3.17.2/share/cmake-3.17/Modules/CheckFunctionExists.c
Linking C executable cmTC_83c8e
/cvmfs/cms.cern.ch/slc7_amd64_gcc10/external/cmake/3.17.2/bin/cmake -E cmake_link_script CMakeFiles/cmTC_83c8e.dir/link.txt --verbose=1
/cvmfs/sft.cern.ch/lcg/releases/gcc/10.3.0-f5826/x86_64-centos7/bin/gcc  -DCHECK_FUNCTION_EXISTS=shmat    CMakeFiles/cmTC_83c8e.dir/CheckFunctionExists.c.o  -o cmTC_83c8e 
gmake[1]: Leaving directory `/afs/cern.ch/user/a/ayelland/public/geant4/G4ParticleTracking_v1.0/build/CMakeFiles/CMakeTmp'



Determining if the function IceConnectionNumber exists in the ICE passed with the following output:
Change Dir: /afs/cern.ch/user/a/ayelland/public/geant4/G4ParticleTracking_v1.0/build/CMakeFiles/CMakeTmp

Run Build Command(s):/usr/bin/gmake cmTC_74bdb/fast && /usr/bin/gmake  -f CMakeFiles/cmTC_74bdb.dir/build.make CMakeFiles/cmTC_74bdb.dir/build
gmake[1]: Entering directory `/afs/cern.ch/user/a/ayelland/public/geant4/G4ParticleTracking_v1.0/build/CMakeFiles/CMakeTmp'
Building C object CMakeFiles/cmTC_74bdb.dir/CheckFunctionExists.c.o
/cvmfs/sft.cern.ch/lcg/releases/gcc/10.3.0-f5826/x86_64-centos7/bin/gcc   -DCHECK_FUNCTION_EXISTS=IceConnectionNumber   -o CMakeFiles/cmTC_74bdb.dir/CheckFunctionExists.c.o   -c /cvmfs/cms.cern.ch/slc7_amd64_gcc10/external/cmake/3.17.2/share/cmake-3.17/Modules/CheckFunctionExists.c
Linking C executable cmTC_74bdb
/cvmfs/cms.cern.ch/slc7_amd64_gcc10/external/cmake/3.17.2/bin/cmake -E cmake_link_script CMakeFiles/cmTC_74bdb.dir/link.txt --verbose=1
/cvmfs/sft.cern.ch/lcg/releases/gcc/10.3.0-f5826/x86_64-centos7/bin/gcc  -DCHECK_FUNCTION_EXISTS=IceConnectionNumber    CMakeFiles/cmTC_74bdb.dir/CheckFunctionExists.c.o  -o cmTC_74bdb  -lICE 
gmake[1]: Leaving directory `/afs/cern.ch/user/a/ayelland/public/geant4/G4ParticleTracking_v1.0/build/CMakeFiles/CMakeTmp'



